<?xml version="1.0" encoding="UTF-8"?>
<testng-results ignored="0" total="1" passed="1" failed="0" skipped="0">
  <reporter-output>
  </reporter-output>
  <suite started-at="2021-10-22T21:34:12 IST" name="Default suite" finished-at="2021-10-22T21:34:36 IST" duration-ms="24088">
    <groups>
    </groups>
    <test started-at="2021-10-22T21:34:12 IST" name="Default test" finished-at="2021-10-22T21:34:36 IST" duration-ms="24088">
      <class name="Test_Runner.Single_test_runner">
        <test-method is-config="true" signature="open_browser()[pri:0, instance:Test_Runner.Single_test_runner@d5b810e]" started-at="2021-10-22T21:34:12 IST" name="open_browser" finished-at="2021-10-22T21:34:25 IST" duration-ms="12957" status="PASS">
          <reporter-output>
          </reporter-output>
        </test-method> <!-- open_browser -->
        <test-method signature="login_Tc1()[pri:0, instance:Test_Runner.Single_test_runner@d5b810e]" started-at="2021-10-22T21:34:25 IST" name="login_Tc1" finished-at="2021-10-22T21:34:33 IST" duration-ms="8066" status="PASS">
          <reporter-output>
          </reporter-output>
        </test-method> <!-- login_Tc1 -->
        <test-method is-config="true" signature="close_browser()[pri:0, instance:Test_Runner.Single_test_runner@d5b810e]" started-at="2021-10-22T21:34:33 IST" name="close_browser" finished-at="2021-10-22T21:34:36 IST" duration-ms="3002" status="PASS">
          <reporter-output>
          </reporter-output>
        </test-method> <!-- close_browser -->
      </class> <!-- Test_Runner.Single_test_runner -->
    </test> <!-- Default test -->
  </suite> <!-- Default suite -->
</testng-results>
