<?xml version="1.0" encoding="UTF-8"?>
<testng-results ignored="0" total="7" passed="7" failed="0" skipped="0">
  <reporter-output>
  </reporter-output>
  <suite started-at="2021-10-16T18:43:52 IST" name="Default suite" finished-at="2021-10-16T18:47:28 IST" duration-ms="215905">
    <groups>
    </groups>
    <test started-at="2021-10-16T18:43:52 IST" name="Default test" finished-at="2021-10-16T18:47:28 IST" duration-ms="215905">
      <class name="Test_Runner.Login_Test">
        <test-method is-config="true" signature="open_browser()[pri:0, instance:Test_Runner.Login_Test@3ee37e5a]" started-at="2021-10-16T18:43:53 IST" name="open_browser" finished-at="2021-10-16T18:44:17 IST" duration-ms="24325" status="PASS">
          <reporter-output>
          </reporter-output>
        </test-method> <!-- open_browser -->
        <test-method signature="login_Tc1(java.lang.String,java.lang.String)[pri:0, instance:Test_Runner.Login_Test@3ee37e5a]" started-at="2021-10-16T18:44:17 IST" name="login_Tc1" data-provider="Authentication" finished-at="2021-10-16T18:44:26 IST" duration-ms="9355" status="PASS">
          <params>
            <param index="0">
              <value>
                <![CDATA[USERNAME]]>
              </value>
            </param>
            <param index="1">
              <value>
                <![CDATA[PASSWORD]]>
              </value>
            </param>
          </params>
          <reporter-output>
          </reporter-output>
        </test-method> <!-- login_Tc1 -->
        <test-method is-config="true" signature="close_browser()[pri:0, instance:Test_Runner.Login_Test@3ee37e5a]" started-at="2021-10-16T18:44:26 IST" name="close_browser" finished-at="2021-10-16T18:44:29 IST" duration-ms="3015" status="PASS">
          <reporter-output>
          </reporter-output>
        </test-method> <!-- close_browser -->
        <test-method is-config="true" signature="open_browser()[pri:0, instance:Test_Runner.Login_Test@3ee37e5a]" started-at="2021-10-16T18:44:29 IST" name="open_browser" finished-at="2021-10-16T18:44:47 IST" duration-ms="17284" status="PASS">
          <reporter-output>
          </reporter-output>
        </test-method> <!-- open_browser -->
        <test-method signature="login_Tc1(java.lang.String,java.lang.String)[pri:0, instance:Test_Runner.Login_Test@3ee37e5a]" started-at="2021-10-16T18:44:47 IST" name="login_Tc1" data-provider="Authentication" finished-at="2021-10-16T18:44:53 IST" duration-ms="6398" status="PASS">
          <params>
            <param index="0">
              <value>
                <![CDATA[Admin]]>
              </value>
            </param>
            <param index="1">
              <value>
                <![CDATA[Admin1234]]>
              </value>
            </param>
          </params>
          <reporter-output>
          </reporter-output>
        </test-method> <!-- login_Tc1 -->
        <test-method is-config="true" signature="close_browser()[pri:0, instance:Test_Runner.Login_Test@3ee37e5a]" started-at="2021-10-16T18:44:53 IST" name="close_browser" finished-at="2021-10-16T18:44:56 IST" duration-ms="3002" status="PASS">
          <reporter-output>
          </reporter-output>
        </test-method> <!-- close_browser -->
        <test-method is-config="true" signature="open_browser()[pri:0, instance:Test_Runner.Login_Test@3ee37e5a]" started-at="2021-10-16T18:44:56 IST" name="open_browser" finished-at="2021-10-16T18:45:14 IST" duration-ms="17817" status="PASS">
          <reporter-output>
          </reporter-output>
        </test-method> <!-- open_browser -->
        <test-method signature="login_Tc1(java.lang.String,java.lang.String)[pri:0, instance:Test_Runner.Login_Test@3ee37e5a]" started-at="2021-10-16T18:45:14 IST" name="login_Tc1" data-provider="Authentication" finished-at="2021-10-16T18:45:16 IST" duration-ms="1842" status="PASS">
          <params>
            <param index="0">
              <value>
                <![CDATA[Admin]]>
              </value>
            </param>
            <param index="1">
              <value>
                <![CDATA[goman]]>
              </value>
            </param>
          </params>
          <reporter-output>
          </reporter-output>
        </test-method> <!-- login_Tc1 -->
        <test-method is-config="true" signature="close_browser()[pri:0, instance:Test_Runner.Login_Test@3ee37e5a]" started-at="2021-10-16T18:45:16 IST" name="close_browser" finished-at="2021-10-16T18:45:19 IST" duration-ms="3006" status="PASS">
          <reporter-output>
          </reporter-output>
        </test-method> <!-- close_browser -->
        <test-method is-config="true" signature="open_browser()[pri:0, instance:Test_Runner.Login_Test@3ee37e5a]" started-at="2021-10-16T18:45:19 IST" name="open_browser" finished-at="2021-10-16T18:45:41 IST" duration-ms="21748" status="PASS">
          <reporter-output>
          </reporter-output>
        </test-method> <!-- open_browser -->
        <test-method signature="login_Tc1(java.lang.String,java.lang.String)[pri:0, instance:Test_Runner.Login_Test@3ee37e5a]" started-at="2021-10-16T18:45:41 IST" name="login_Tc1" data-provider="Authentication" finished-at="2021-10-16T18:45:43 IST" duration-ms="2972" status="PASS">
          <params>
            <param index="0">
              <value>
                <![CDATA[user]]>
              </value>
            </param>
            <param index="1">
              <value>
                <![CDATA[creds]]>
              </value>
            </param>
          </params>
          <reporter-output>
          </reporter-output>
        </test-method> <!-- login_Tc1 -->
        <test-method is-config="true" signature="close_browser()[pri:0, instance:Test_Runner.Login_Test@3ee37e5a]" started-at="2021-10-16T18:45:43 IST" name="close_browser" finished-at="2021-10-16T18:45:46 IST" duration-ms="3001" status="PASS">
          <reporter-output>
          </reporter-output>
        </test-method> <!-- close_browser -->
        <test-method is-config="true" signature="open_browser()[pri:0, instance:Test_Runner.Login_Test@3ee37e5a]" started-at="2021-10-16T18:45:46 IST" name="open_browser" finished-at="2021-10-16T18:46:13 IST" duration-ms="26950" status="PASS">
          <reporter-output>
          </reporter-output>
        </test-method> <!-- open_browser -->
        <test-method signature="login_Tc1(java.lang.String,java.lang.String)[pri:0, instance:Test_Runner.Login_Test@3ee37e5a]" started-at="2021-10-16T18:46:13 IST" name="login_Tc1" data-provider="Authentication" finished-at="2021-10-16T18:46:15 IST" duration-ms="1790" status="PASS">
          <params>
            <param index="0">
              <value>
                <![CDATA[root]]>
              </value>
            </param>
            <param index="1">
              <value>
                <![CDATA[userpsd]]>
              </value>
            </param>
          </params>
          <reporter-output>
          </reporter-output>
        </test-method> <!-- login_Tc1 -->
        <test-method is-config="true" signature="close_browser()[pri:0, instance:Test_Runner.Login_Test@3ee37e5a]" started-at="2021-10-16T18:46:15 IST" name="close_browser" finished-at="2021-10-16T18:46:18 IST" duration-ms="3002" status="PASS">
          <reporter-output>
          </reporter-output>
        </test-method> <!-- close_browser -->
        <test-method is-config="true" signature="open_browser()[pri:0, instance:Test_Runner.Login_Test@3ee37e5a]" started-at="2021-10-16T18:46:18 IST" name="open_browser" finished-at="2021-10-16T18:46:52 IST" duration-ms="33872" status="PASS">
          <reporter-output>
          </reporter-output>
        </test-method> <!-- open_browser -->
        <test-method signature="login_Tc1(java.lang.String,java.lang.String)[pri:0, instance:Test_Runner.Login_Test@3ee37e5a]" started-at="2021-10-16T18:46:52 IST" name="login_Tc1" data-provider="Authentication" finished-at="2021-10-16T18:46:57 IST" duration-ms="5069" status="PASS">
          <params>
            <param index="0">
              <value>
                <![CDATA[sam]]>
              </value>
            </param>
            <param index="1">
              <value>
                <![CDATA[sam1234]]>
              </value>
            </param>
          </params>
          <reporter-output>
          </reporter-output>
        </test-method> <!-- login_Tc1 -->
        <test-method is-config="true" signature="close_browser()[pri:0, instance:Test_Runner.Login_Test@3ee37e5a]" started-at="2021-10-16T18:46:57 IST" name="close_browser" finished-at="2021-10-16T18:47:00 IST" duration-ms="3002" status="PASS">
          <reporter-output>
          </reporter-output>
        </test-method> <!-- close_browser -->
        <test-method is-config="true" signature="open_browser()[pri:0, instance:Test_Runner.Login_Test@3ee37e5a]" started-at="2021-10-16T18:47:00 IST" name="open_browser" finished-at="2021-10-16T18:47:19 IST" duration-ms="19076" status="PASS">
          <reporter-output>
          </reporter-output>
        </test-method> <!-- open_browser -->
        <test-method signature="login_Tc1(java.lang.String,java.lang.String)[pri:0, instance:Test_Runner.Login_Test@3ee37e5a]" started-at="2021-10-16T18:47:19 IST" name="login_Tc1" data-provider="Authentication" finished-at="2021-10-16T18:47:25 IST" duration-ms="5401" status="PASS">
          <params>
            <param index="0">
              <value>
                <![CDATA[Admin]]>
              </value>
            </param>
            <param index="1">
              <value>
                <![CDATA[Admin123]]>
              </value>
            </param>
          </params>
          <reporter-output>
          </reporter-output>
        </test-method> <!-- login_Tc1 -->
        <test-method is-config="true" signature="close_browser()[pri:0, instance:Test_Runner.Login_Test@3ee37e5a]" started-at="2021-10-16T18:47:25 IST" name="close_browser" finished-at="2021-10-16T18:47:28 IST" duration-ms="3001" status="PASS">
          <reporter-output>
          </reporter-output>
        </test-method> <!-- close_browser -->
      </class> <!-- Test_Runner.Login_Test -->
    </test> <!-- Default test -->
  </suite> <!-- Default suite -->
</testng-results>
