<?xml version="1.0" encoding="UTF-8"?>
<!-- Generated by org.testng.reporters.JUnitXMLReporter -->
<testsuite ignored="0" hostname="DESKTOP-UIFG9QV" failures="0" tests="7" name="Default test" time="215.905" errors="0" timestamp="2021-10-16T18:47:31 IST">
  <testcase classname="Test_Runner.Login_Test" name="login_Tc1" time="9.355"/>
  <testcase classname="Test_Runner.Login_Test" name="login_Tc1" time="6.398"/>
  <testcase classname="Test_Runner.Login_Test" name="login_Tc1" time="1.842"/>
  <testcase classname="Test_Runner.Login_Test" name="login_Tc1" time="2.972"/>
  <testcase classname="Test_Runner.Login_Test" name="login_Tc1" time="1.79"/>
  <testcase classname="Test_Runner.Login_Test" name="login_Tc1" time="5.069"/>
  <testcase classname="Test_Runner.Login_Test" name="login_Tc1" time="5.401"/>
</testsuite> <!-- Default test -->
